  [1m[35m (986.1ms)[0m  [1m[35mCREATE DATABASE "Lyrical_development" ENCODING = 'unicode'[0m
  ↳ bin/rails:9
  [1m[35m (541.3ms)[0m  [1m[35mCREATE DATABASE "Lyrical_test" ENCODING = 'unicode'[0m
  ↳ bin/rails:9
  [1m[35m (11.4ms)[0m  [1m[35mCREATE TABLE "schema_migrations" ("version" character varying NOT NULL PRIMARY KEY)[0m
  ↳ bin/rails:9
  [1m[35m (5.0ms)[0m  [1m[35mCREATE TABLE "ar_internal_metadata" ("key" character varying NOT NULL PRIMARY KEY, "value" character varying, "created_at" timestamp NOT NULL, "updated_at" timestamp NOT NULL)[0m
  ↳ bin/rails:9
  [1m[35m (27.2ms)[0m  [1m[34mSELECT pg_try_advisory_lock(1152786153104102055)[0m
  ↳ bin/rails:9
  [1m[35m (0.7ms)[0m  [1m[34mSELECT "schema_migrations"."version" FROM "schema_migrations" ORDER BY "schema_migrations"."version" ASC[0m
  ↳ bin/rails:9
Migrating to CreateUsers (20191104222620)
  [1m[35m (20.4ms)[0m  [1m[35mBEGIN[0m
  ↳ bin/rails:9
  [1m[35m (10.4ms)[0m  [1m[35mCREATE TABLE "users" ("id" bigserial primary key, "username" character varying NOT NULL, "password_digest" character varying NOT NULL, "session_token" character varying NOT NULL, "created_at" timestamp NOT NULL, "updated_at" timestamp NOT NULL)[0m
  ↳ db/migrate/20191104222620_create_users.rb:3
  [1m[35m (3.9ms)[0m  [1m[35mCREATE UNIQUE INDEX  "index_users_on_username" ON "users"  ("username")[0m
  ↳ db/migrate/20191104222620_create_users.rb:9
  [1m[35m (1.4ms)[0m  [1m[35mCREATE UNIQUE INDEX  "index_users_on_session_token" ON "users"  ("session_token")[0m
  ↳ db/migrate/20191104222620_create_users.rb:10
  [1m[36mActiveRecord::SchemaMigration Create (0.6ms)[0m  [1m[32mINSERT INTO "schema_migrations" ("version") VALUES ($1) RETURNING "version"[0m  [["version", "20191104222620"]]
  ↳ bin/rails:9
  [1m[35m (0.6ms)[0m  [1m[35mCOMMIT[0m
  ↳ bin/rails:9
  [1m[36mActiveRecord::InternalMetadata Load (0.5ms)[0m  [1m[34mSELECT  "ar_internal_metadata".* FROM "ar_internal_metadata" WHERE "ar_internal_metadata"."key" = $1 LIMIT $2[0m  [["key", "environment"], ["LIMIT", 1]]
  ↳ bin/rails:9
  [1m[35m (0.2ms)[0m  [1m[35mBEGIN[0m
  ↳ bin/rails:9
  [1m[36mActiveRecord::InternalMetadata Create (0.7ms)[0m  [1m[32mINSERT INTO "ar_internal_metadata" ("key", "value", "created_at", "updated_at") VALUES ($1, $2, $3, $4) RETURNING "key"[0m  [["key", "environment"], ["value", "development"], ["created_at", "2019-11-04 22:30:28.467733"], ["updated_at", "2019-11-04 22:30:28.467733"]]
  ↳ bin/rails:9
  [1m[35m (0.5ms)[0m  [1m[35mCOMMIT[0m
  ↳ bin/rails:9
  [1m[35m (25.5ms)[0m  [1m[34mSELECT pg_advisory_unlock(1152786153104102055)[0m
  ↳ bin/rails:9
  [1m[35m (0.4ms)[0m  [1m[34mSELECT "schema_migrations"."version" FROM "schema_migrations" ORDER BY "schema_migrations"."version" ASC[0m
  ↳ bin/rails:9
  [1m[35m (1.1ms)[0m  [1m[34mSELECT "schema_migrations"."version" FROM "schema_migrations" ORDER BY "schema_migrations"."version" ASC[0m
  ↳ bin/rails:9
Started GET "/" for ::1 at 2019-11-04 16:16:57 -0800
  [1m[35m (1.2ms)[0m  [1m[34mSELECT "schema_migrations"."version" FROM "schema_migrations" ORDER BY "schema_migrations"."version" ASC[0m
  ↳ /Users/braedenaustgen/.rbenv/versions/2.5.1/lib/ruby/gems/2.5.0/gems/activerecord-5.2.3/lib/active_record/log_subscriber.rb:98
Processing by StaticPagesController#root as HTML
  Rendering static_pages/root.html.erb within layouts/application
  Rendered static_pages/root.html.erb within layouts/application (1.9ms)
Completed 200 OK in 2159ms (Views: 2135.5ms | ActiveRecord: 0.0ms)


Started GET "/" for ::1 at 2019-11-04 16:17:16 -0800
Processing by StaticPagesController#root as HTML
  Rendering static_pages/root.html.erb within layouts/application
  Rendered static_pages/root.html.erb within layouts/application (0.9ms)
Completed 200 OK in 409ms (Views: 405.6ms | ActiveRecord: 0.0ms)


Started POST "/users" for ::1 at 2019-11-04 16:20:35 -0800
  
ActionController::RoutingError (No route matches [POST] "/users"):
  
actionpack (5.2.3) lib/action_dispatch/middleware/debug_exceptions.rb:65:in `call'
web-console (3.7.0) lib/web_console/middleware.rb:135:in `call_app'
web-console (3.7.0) lib/web_console/middleware.rb:30:in `block in call'
web-console (3.7.0) lib/web_console/middleware.rb:20:in `catch'
web-console (3.7.0) lib/web_console/middleware.rb:20:in `call'
actionpack (5.2.3) lib/action_dispatch/middleware/show_exceptions.rb:33:in `call'
railties (5.2.3) lib/rails/rack/logger.rb:38:in `call_app'
railties (5.2.3) lib/rails/rack/logger.rb:26:in `block in call'
activesupport (5.2.3) lib/active_support/tagged_logging.rb:71:in `block in tagged'
activesupport (5.2.3) lib/active_support/tagged_logging.rb:28:in `tagged'
activesupport (5.2.3) lib/active_support/tagged_logging.rb:71:in `tagged'
railties (5.2.3) lib/rails/rack/logger.rb:26:in `call'
sprockets-rails (3.2.1) lib/sprockets/rails/quiet_assets.rb:13:in `call'
actionpack (5.2.3) lib/action_dispatch/middleware/remote_ip.rb:81:in `call'
actionpack (5.2.3) lib/action_dispatch/middleware/request_id.rb:27:in `call'
rack (2.0.7) lib/rack/method_override.rb:22:in `call'
rack (2.0.7) lib/rack/runtime.rb:22:in `call'
activesupport (5.2.3) lib/active_support/cache/strategy/local_cache_middleware.rb:29:in `call'
actionpack (5.2.3) lib/action_dispatch/middleware/executor.rb:14:in `call'
actionpack (5.2.3) lib/action_dispatch/middleware/static.rb:127:in `call'
rack (2.0.7) lib/rack/sendfile.rb:111:in `call'
railties (5.2.3) lib/rails/engine.rb:524:in `call'
puma (3.12.1) lib/puma/configuration.rb:227:in `call'
puma (3.12.1) lib/puma/server.rb:660:in `handle_request'
puma (3.12.1) lib/puma/server.rb:474:in `process_client'
puma (3.12.1) lib/puma/server.rb:334:in `block in run'
puma (3.12.1) lib/puma/thread_pool.rb:135:in `block in spawn_thread'
Started POST "/api/users" for ::1 at 2019-11-04 16:20:54 -0800
Processing by Api::UsersController#create as */*
  Parameters: {"user"=>{"username"=>"test0", "password"=>"[FILTERED]"}}
  [1m[35m (5.0ms)[0m  [1m[35mBEGIN[0m
  ↳ app/controllers/api/users_controller.rb:5
  [1m[36mUser Exists (7.4ms)[0m  [1m[34mSELECT  1 AS one FROM "users" WHERE "users"."username" = $1 LIMIT $2[0m  [["username", "test0"], ["LIMIT", 1]]
  ↳ app/controllers/api/users_controller.rb:5
  [1m[36mUser Exists (0.6ms)[0m  [1m[34mSELECT  1 AS one FROM "users" WHERE "users"."session_token" = $1 LIMIT $2[0m  [["session_token", "rLGHrs_LtRn0APMkOlc-uQ"], ["LIMIT", 1]]
  ↳ app/controllers/api/users_controller.rb:5
  [1m[35m (0.2ms)[0m  [1m[31mROLLBACK[0m
  ↳ app/controllers/api/users_controller.rb:5
Completed 500 Internal Server Error in 319ms (ActiveRecord: 44.4ms)



NoMethodError - undefined method `password' for #<User:0x00007fca48360b68>
Did you mean?  password=:
  app/controllers/api/users_controller.rb:5:in `create'

Started GET "/" for ::1 at 2019-11-04 16:21:34 -0800
Processing by StaticPagesController#root as HTML
  Rendering static_pages/root.html.erb within layouts/application
  Rendered static_pages/root.html.erb within layouts/application (0.4ms)
Completed 200 OK in 60ms (Views: 55.9ms | ActiveRecord: 0.0ms)


Started POST "/api/users" for ::1 at 2019-11-04 16:21:41 -0800
Processing by Api::UsersController#create as */*
  Parameters: {"user"=>{"username"=>"test0", "password"=>"[FILTERED]"}}
  [1m[35m (0.3ms)[0m  [1m[35mBEGIN[0m
  ↳ app/controllers/api/users_controller.rb:5
  [1m[36mUser Exists (0.5ms)[0m  [1m[34mSELECT  1 AS one FROM "users" WHERE "users"."username" = $1 LIMIT $2[0m  [["username", "test0"], ["LIMIT", 1]]
  ↳ app/controllers/api/users_controller.rb:5
  [1m[36mUser Exists (0.4ms)[0m  [1m[34mSELECT  1 AS one FROM "users" WHERE "users"."session_token" = $1 LIMIT $2[0m  [["session_token", "poQmvLKr9tJZePoBMPOMQw"], ["LIMIT", 1]]
  ↳ app/controllers/api/users_controller.rb:5
  [1m[36mUser Create (1.0ms)[0m  [1m[32mINSERT INTO "users" ("username", "password_digest", "session_token", "created_at", "updated_at") VALUES ($1, $2, $3, $4, $5) RETURNING "id"[0m  [["username", "test0"], ["password_digest", "$2a$12$j2JkA2uRtG615l2aqYT7OeO6t.mC8m/rC3TSugeRXbCZ0m6WZk5jW"], ["session_token", "poQmvLKr9tJZePoBMPOMQw"], ["created_at", "2019-11-05 00:21:42.135821"], ["updated_at", "2019-11-05 00:21:42.135821"]]
  ↳ app/controllers/api/users_controller.rb:5
  [1m[35m (0.6ms)[0m  [1m[35mCOMMIT[0m
  ↳ app/controllers/api/users_controller.rb:5
Completed 500 Internal Server Error in 528ms (ActiveRecord: 13.1ms)



NameError - undefined local variable or method `user' for #<Api::UsersController:0x00007fca453970f8>
Did you mean?  @user:
  app/controllers/api/users_controller.rb:6:in `create'

Started GET "/" for ::1 at 2019-11-04 16:21:57 -0800
Processing by StaticPagesController#root as HTML
  Rendering static_pages/root.html.erb within layouts/application
  Rendered static_pages/root.html.erb within layouts/application (0.5ms)
Completed 200 OK in 40ms (Views: 37.0ms | ActiveRecord: 0.0ms)


Started POST "/api/session" for ::1 at 2019-11-04 16:22:20 -0800

NameError - uninitialized constant Api::SessionsController:

Started POST "/api/users" for ::1 at 2019-11-04 16:23:51 -0800
Processing by Api::UsersController#create as */*
  Parameters: {"user"=>{"username"=>"test1", "password"=>"[FILTERED]"}}
  [1m[35m (0.2ms)[0m  [1m[35mBEGIN[0m
  ↳ app/controllers/api/users_controller.rb:5
  [1m[36mUser Exists (0.5ms)[0m  [1m[34mSELECT  1 AS one FROM "users" WHERE "users"."username" = $1 LIMIT $2[0m  [["username", "test1"], ["LIMIT", 1]]
  ↳ app/controllers/api/users_controller.rb:5
  [1m[36mUser Exists (0.4ms)[0m  [1m[34mSELECT  1 AS one FROM "users" WHERE "users"."session_token" = $1 LIMIT $2[0m  [["session_token", "VR6E0dnukF4IsGWYkyAWLg"], ["LIMIT", 1]]
  ↳ app/controllers/api/users_controller.rb:5
  [1m[36mUser Create (0.4ms)[0m  [1m[32mINSERT INTO "users" ("username", "password_digest", "session_token", "created_at", "updated_at") VALUES ($1, $2, $3, $4, $5) RETURNING "id"[0m  [["username", "test1"], ["password_digest", "$2a$12$QPck3e56lzCaujUdfaIbVO708GGbwKwCx6eKtd1LW3uIJVNi3biNi"], ["session_token", "VR6E0dnukF4IsGWYkyAWLg"], ["created_at", "2019-11-05 00:23:52.042863"], ["updated_at", "2019-11-05 00:23:52.042863"]]
  ↳ app/controllers/api/users_controller.rb:5
  [1m[35m (0.7ms)[0m  [1m[35mCOMMIT[0m
  ↳ app/controllers/api/users_controller.rb:5
  [1m[35m (0.1ms)[0m  [1m[35mBEGIN[0m
  ↳ app/models/user.rb:37
  [1m[36mUser Exists (1.2ms)[0m  [1m[34mSELECT  1 AS one FROM "users" WHERE "users"."username" = $1 AND "users"."id" != $2 LIMIT $3[0m  [["username", "test1"], ["id", 2], ["LIMIT", 1]]
  ↳ app/models/user.rb:37
  [1m[36mUser Exists (0.5ms)[0m  [1m[34mSELECT  1 AS one FROM "users" WHERE "users"."session_token" = $1 AND "users"."id" != $2 LIMIT $3[0m  [["session_token", "UTqLAm9tgZ07GPw5NEjvIA"], ["id", 2], ["LIMIT", 1]]
  ↳ app/models/user.rb:37
  [1m[36mUser Update (12.7ms)[0m  [1m[33mUPDATE "users" SET "session_token" = $1, "updated_at" = $2 WHERE "users"."id" = $3[0m  [["session_token", "UTqLAm9tgZ07GPw5NEjvIA"], ["updated_at", "2019-11-05 00:23:52.057535"], ["id", 2]]
  ↳ app/models/user.rb:37
  [1m[35m (0.9ms)[0m  [1m[35mCOMMIT[0m
  ↳ app/models/user.rb:37
Completed 500 Internal Server Error in 358ms (ActiveRecord: 36.4ms)



ActionView::MissingTemplate - Missing template api/users/show, application/show with {:locale=>[:en], :formats=>[:html, :text, :js, :css, :ics, :csv, :vcf, :vtt, :png, :jpeg, :gif, :bmp, :tiff, :svg, :mpeg, :mp3, :ogg, :m4a, :webm, :mp4, :otf, :ttf, :woff, :woff2, :xml, :rss, :atom, :yaml, :multipart_form, :url_encoded_form, :json, :pdf, :zip, :gzip], :variants=>[], :handlers=>[:raw, :erb, :html, :builder, :ruby, :coffee, :jbuilder]}. Searched in:
  * "/Users/braedenaustgen/Desktop/Lyrical/app/views"
:
  app/controllers/api/users_controller.rb:7:in `create'

  [1m[36mUser Load (1.0ms)[0m  [1m[34mSELECT "users".* FROM "users"[0m
Started POST "/api/users" for ::1 at 2019-11-04 16:30:23 -0800
Processing by Api::UsersController#create as */*
  Parameters: {"user"=>{"username"=>"test2", "password"=>"[FILTERED]"}}
  [1m[35m (0.3ms)[0m  [1m[35mBEGIN[0m
  ↳ app/controllers/api/users_controller.rb:5
  [1m[36mUser Exists (1.4ms)[0m  [1m[34mSELECT  1 AS one FROM "users" WHERE "users"."username" = $1 LIMIT $2[0m  [["username", "test2"], ["LIMIT", 1]]
  ↳ app/controllers/api/users_controller.rb:5
  [1m[36mUser Exists (0.5ms)[0m  [1m[34mSELECT  1 AS one FROM "users" WHERE "users"."session_token" = $1 LIMIT $2[0m  [["session_token", "WB6pA0h3iHMmSgFiWEcgNg"], ["LIMIT", 1]]
  ↳ app/controllers/api/users_controller.rb:5
  [1m[36mUser Create (5.1ms)[0m  [1m[32mINSERT INTO "users" ("username", "password_digest", "session_token", "created_at", "updated_at") VALUES ($1, $2, $3, $4, $5) RETURNING "id"[0m  [["username", "test2"], ["password_digest", "$2a$12$ZarrC691Xh1yyoEjBpLRS.I5oFGLOlgMRU9haTTVMzIPh0AXBj1d6"], ["session_token", "WB6pA0h3iHMmSgFiWEcgNg"], ["created_at", "2019-11-05 00:30:24.220491"], ["updated_at", "2019-11-05 00:30:24.220491"]]
  ↳ app/controllers/api/users_controller.rb:5
  [1m[35m (0.9ms)[0m  [1m[35mCOMMIT[0m
  ↳ app/controllers/api/users_controller.rb:5
  [1m[35m (0.2ms)[0m  [1m[35mBEGIN[0m
  ↳ app/models/user.rb:37
  [1m[36mUser Exists (0.5ms)[0m  [1m[34mSELECT  1 AS one FROM "users" WHERE "users"."username" = $1 AND "users"."id" != $2 LIMIT $3[0m  [["username", "test2"], ["id", 3], ["LIMIT", 1]]
  ↳ app/models/user.rb:37
  [1m[36mUser Exists (0.4ms)[0m  [1m[34mSELECT  1 AS one FROM "users" WHERE "users"."session_token" = $1 AND "users"."id" != $2 LIMIT $3[0m  [["session_token", "lDzZnmcIIS1PMAh55bAnoQ"], ["id", 3], ["LIMIT", 1]]
  ↳ app/models/user.rb:37
  [1m[36mUser Update (0.6ms)[0m  [1m[33mUPDATE "users" SET "session_token" = $1, "updated_at" = $2 WHERE "users"."id" = $3[0m  [["session_token", "lDzZnmcIIS1PMAh55bAnoQ"], ["updated_at", "2019-11-05 00:30:24.232899"], ["id", 3]]
  ↳ app/models/user.rb:37
  [1m[35m (0.4ms)[0m  [1m[35mCOMMIT[0m
  ↳ app/models/user.rb:37
Completed 200 OK in 273ms (Views: 0.4ms | ActiveRecord: 28.3ms)


Started DELETE "/api/session" for ::1 at 2019-11-04 16:31:27 -0800

NameError - uninitialized constant Api::SessionsController:

Started GET "/subs" for ::1 at 2019-11-04 16:31:40 -0800
  
ActionController::RoutingError (No route matches [GET] "/subs"):
  
actionpack (5.2.3) lib/action_dispatch/middleware/debug_exceptions.rb:65:in `call'
web-console (3.7.0) lib/web_console/middleware.rb:135:in `call_app'
web-console (3.7.0) lib/web_console/middleware.rb:30:in `block in call'
web-console (3.7.0) lib/web_console/middleware.rb:20:in `catch'
web-console (3.7.0) lib/web_console/middleware.rb:20:in `call'
actionpack (5.2.3) lib/action_dispatch/middleware/show_exceptions.rb:33:in `call'
railties (5.2.3) lib/rails/rack/logger.rb:38:in `call_app'
railties (5.2.3) lib/rails/rack/logger.rb:26:in `block in call'
activesupport (5.2.3) lib/active_support/tagged_logging.rb:71:in `block in tagged'
activesupport (5.2.3) lib/active_support/tagged_logging.rb:28:in `tagged'
activesupport (5.2.3) lib/active_support/tagged_logging.rb:71:in `tagged'
railties (5.2.3) lib/rails/rack/logger.rb:26:in `call'
sprockets-rails (3.2.1) lib/sprockets/rails/quiet_assets.rb:13:in `call'
actionpack (5.2.3) lib/action_dispatch/middleware/remote_ip.rb:81:in `call'
actionpack (5.2.3) lib/action_dispatch/middleware/request_id.rb:27:in `call'
rack (2.0.7) lib/rack/method_override.rb:22:in `call'
rack (2.0.7) lib/rack/runtime.rb:22:in `call'
activesupport (5.2.3) lib/active_support/cache/strategy/local_cache_middleware.rb:29:in `call'
actionpack (5.2.3) lib/action_dispatch/middleware/executor.rb:14:in `call'
actionpack (5.2.3) lib/action_dispatch/middleware/static.rb:127:in `call'
rack (2.0.7) lib/rack/sendfile.rb:111:in `call'
railties (5.2.3) lib/rails/engine.rb:524:in `call'
puma (3.12.1) lib/puma/configuration.rb:227:in `call'
puma (3.12.1) lib/puma/server.rb:660:in `handle_request'
puma (3.12.1) lib/puma/server.rb:474:in `process_client'
puma (3.12.1) lib/puma/server.rb:334:in `block in run'
puma (3.12.1) lib/puma/thread_pool.rb:135:in `block in spawn_thread'
Started GET "/" for ::1 at 2019-11-04 16:31:46 -0800
Processing by StaticPagesController#root as HTML
  Rendering static_pages/root.html.erb within layouts/application
  Rendered static_pages/root.html.erb within layouts/application (0.5ms)
Completed 200 OK in 133ms (Views: 129.1ms | ActiveRecord: 0.0ms)


Started GET "/" for ::1 at 2019-11-04 16:31:53 -0800
Processing by StaticPagesController#root as HTML
  Rendering static_pages/root.html.erb within layouts/application
  Rendered static_pages/root.html.erb within layouts/application (0.8ms)
Completed 200 OK in 80ms (Views: 76.5ms | ActiveRecord: 0.0ms)


Started POST "/api/session" for ::1 at 2019-11-04 16:32:14 -0800

NameError - uninitialized constant Api::SessionsController:

Started GET "/" for ::1 at 2019-11-04 16:33:32 -0800
Processing by StaticPagesController#root as HTML
  Rendering static_pages/root.html.erb within layouts/application
  Rendered static_pages/root.html.erb within layouts/application (0.4ms)
Completed 200 OK in 70ms (Views: 67.2ms | ActiveRecord: 0.0ms)


Started DELETE "/api/session" for ::1 at 2019-11-04 16:33:41 -0800
Processing by Api::SessionsController#destroy as */*
  Parameters: {"user"=>{"username"=>"test0", "password"=>"[FILTERED]"}}
  [1m[36mUser Load (0.3ms)[0m  [1m[34mSELECT  "users".* FROM "users" WHERE "users"."session_token" = $1 LIMIT $2[0m  [["session_token", "lDzZnmcIIS1PMAh55bAnoQ"], ["LIMIT", 1]]
  ↳ app/controllers/application_controller.rb:6
  [1m[35m (20.0ms)[0m  [1m[35mBEGIN[0m
  ↳ app/models/user.rb:37
  [1m[36mUser Exists (0.6ms)[0m  [1m[34mSELECT  1 AS one FROM "users" WHERE "users"."username" = $1 AND "users"."id" != $2 LIMIT $3[0m  [["username", "test2"], ["id", 3], ["LIMIT", 1]]
  ↳ app/models/user.rb:37
  [1m[36mUser Exists (1.0ms)[0m  [1m[34mSELECT  1 AS one FROM "users" WHERE "users"."session_token" = $1 AND "users"."id" != $2 LIMIT $3[0m  [["session_token", "HbRpXmcfWvB9dsNpVFcs7g"], ["id", 3], ["LIMIT", 1]]
  ↳ app/models/user.rb:37
  [1m[36mUser Update (0.5ms)[0m  [1m[33mUPDATE "users" SET "session_token" = $1, "updated_at" = $2 WHERE "users"."id" = $3[0m  [["session_token", "HbRpXmcfWvB9dsNpVFcs7g"], ["updated_at", "2019-11-05 00:33:41.379039"], ["id", 3]]
  ↳ app/models/user.rb:37
  [1m[35m (1.0ms)[0m  [1m[35mCOMMIT[0m
  ↳ app/models/user.rb:37
Completed 200 OK in 54ms (Views: 0.3ms | ActiveRecord: 32.5ms)


Started POST "/api/session" for ::1 at 2019-11-04 16:33:46 -0800
Processing by Api::SessionsController#create as */*
  Parameters: {"user"=>{"username"=>"test0", "password"=>"[FILTERED]"}}
Completed 500 Internal Server Error in 264ms (ActiveRecord: 0.0ms)



NameError - undefined local variable or method `user' for #<Api::SessionsController:0x00007fca43721a40>:
  app/controllers/api/sessions_controller.rb:4:in `create'

Started GET "/" for ::1 at 2019-11-04 16:34:08 -0800
Processing by StaticPagesController#root as HTML
  Rendering static_pages/root.html.erb within layouts/application
  Rendered static_pages/root.html.erb within layouts/application (0.4ms)
Completed 200 OK in 61ms (Views: 57.3ms | ActiveRecord: 0.0ms)


Started DELETE "/api/session" for ::1 at 2019-11-04 16:34:11 -0800
Processing by Api::SessionsController#destroy as */*
  Parameters: {"user"=>{"username"=>"test0", "password"=>"[FILTERED]"}}
  [1m[36mUser Load (0.3ms)[0m  [1m[34mSELECT  "users".* FROM "users" WHERE "users"."session_token" IS NULL LIMIT $1[0m  [["LIMIT", 1]]
  ↳ app/controllers/application_controller.rb:6
Completed 500 Internal Server Error in 38ms (ActiveRecord: 25.6ms)



NoMethodError - undefined method `reset_session_token!' for nil:NilClass:
  app/controllers/application_controller.rb:18:in `logout!'
  app/controllers/api/sessions_controller.rb:14:in `destroy'

Started POST "/api/session" for ::1 at 2019-11-04 16:34:37 -0800
Processing by Api::SessionsController#create as */*
  Parameters: {"user"=>{"username"=>"test0", "password"=>"[FILTERED]"}}
  [1m[36mUser Load (0.3ms)[0m  [1m[34mSELECT  "users".* FROM "users" WHERE "users"."username" = $1 LIMIT $2[0m  [["username", "test0"], ["LIMIT", 1]]
  ↳ app/models/user.rb:23
  [1m[35m (13.7ms)[0m  [1m[35mBEGIN[0m
  ↳ app/models/user.rb:37
  [1m[36mUser Exists (0.6ms)[0m  [1m[34mSELECT  1 AS one FROM "users" WHERE "users"."username" = $1 AND "users"."id" != $2 LIMIT $3[0m  [["username", "test0"], ["id", 1], ["LIMIT", 1]]
  ↳ app/models/user.rb:37
  [1m[36mUser Exists (0.5ms)[0m  [1m[34mSELECT  1 AS one FROM "users" WHERE "users"."session_token" = $1 AND "users"."id" != $2 LIMIT $3[0m  [["session_token", "jyFjCtEi51Zzi06imzAupA"], ["id", 1], ["LIMIT", 1]]
  ↳ app/models/user.rb:37
  [1m[36mUser Update (0.8ms)[0m  [1m[33mUPDATE "users" SET "session_token" = $1, "updated_at" = $2 WHERE "users"."id" = $3[0m  [["session_token", "jyFjCtEi51Zzi06imzAupA"], ["updated_at", "2019-11-05 00:34:38.029424"], ["id", 1]]
  ↳ app/models/user.rb:37
  [1m[35m (0.8ms)[0m  [1m[35mCOMMIT[0m
  ↳ app/models/user.rb:37
Completed 500 Internal Server Error in 371ms (ActiveRecord: 39.3ms)



ActionView::MissingTemplate - Missing template api/sessions/show, application/show with {:locale=>[:en], :formats=>[:html, :text, :js, :css, :ics, :csv, :vcf, :vtt, :png, :jpeg, :gif, :bmp, :tiff, :svg, :mpeg, :mp3, :ogg, :m4a, :webm, :mp4, :otf, :ttf, :woff, :woff2, :xml, :rss, :atom, :yaml, :multipart_form, :url_encoded_form, :json, :pdf, :zip, :gzip], :variants=>[], :handlers=>[:raw, :erb, :html, :builder, :ruby, :coffee, :jbuilder]}. Searched in:
  * "/Users/braedenaustgen/Desktop/Lyrical/app/views"
:
  app/controllers/api/sessions_controller.rb:7:in `create'

Started DELETE "/api/session" for ::1 at 2019-11-04 16:35:39 -0800
Processing by Api::SessionsController#destroy as */*
  Parameters: {"user"=>{"username"=>"test0", "password"=>"[FILTERED]"}}
  [1m[36mUser Load (0.4ms)[0m  [1m[34mSELECT  "users".* FROM "users" WHERE "users"."session_token" IS NULL LIMIT $1[0m  [["LIMIT", 1]]
  ↳ app/controllers/application_controller.rb:6
Completed 500 Internal Server Error in 13ms (ActiveRecord: 3.8ms)



NoMethodError - undefined method `reset_session_token!' for nil:NilClass:
  app/controllers/application_controller.rb:18:in `logout!'
  app/controllers/api/sessions_controller.rb:14:in `destroy'

Started POST "/api/session" for ::1 at 2019-11-04 16:35:45 -0800
Processing by Api::SessionsController#create as */*
  Parameters: {"user"=>{"username"=>"test0", "password"=>"[FILTERED]"}}
  [1m[36mUser Load (1.6ms)[0m  [1m[34mSELECT  "users".* FROM "users" WHERE "users"."username" = $1 LIMIT $2[0m  [["username", "test0"], ["LIMIT", 1]]
  ↳ app/models/user.rb:23
  [1m[35m (0.3ms)[0m  [1m[35mBEGIN[0m
  ↳ app/models/user.rb:37
  [1m[36mUser Exists (0.6ms)[0m  [1m[34mSELECT  1 AS one FROM "users" WHERE "users"."username" = $1 AND "users"."id" != $2 LIMIT $3[0m  [["username", "test0"], ["id", 1], ["LIMIT", 1]]
  ↳ app/models/user.rb:37
  [1m[36mUser Exists (0.4ms)[0m  [1m[34mSELECT  1 AS one FROM "users" WHERE "users"."session_token" = $1 AND "users"."id" != $2 LIMIT $3[0m  [["session_token", "lz6qU8ZZFaljWlhRMyjnWA"], ["id", 1], ["LIMIT", 1]]
  ↳ app/models/user.rb:37
  [1m[36mUser Update (0.4ms)[0m  [1m[33mUPDATE "users" SET "session_token" = $1, "updated_at" = $2 WHERE "users"."id" = $3[0m  [["session_token", "lz6qU8ZZFaljWlhRMyjnWA"], ["updated_at", "2019-11-05 00:35:46.101053"], ["id", 1]]
  ↳ app/models/user.rb:37
  [1m[35m (0.7ms)[0m  [1m[35mCOMMIT[0m
  ↳ app/models/user.rb:37
Completed 200 OK in 265ms (Views: 0.2ms | ActiveRecord: 9.0ms)


Started DELETE "/api/session" for ::1 at 2019-11-04 16:35:49 -0800
Processing by Api::SessionsController#destroy as */*
  Parameters: {"user"=>{"username"=>"test0", "password"=>"[FILTERED]"}}
  [1m[36mUser Load (0.5ms)[0m  [1m[34mSELECT  "users".* FROM "users" WHERE "users"."session_token" = $1 LIMIT $2[0m  [["session_token", "lz6qU8ZZFaljWlhRMyjnWA"], ["LIMIT", 1]]
  ↳ app/controllers/application_controller.rb:6
  [1m[35m (0.3ms)[0m  [1m[35mBEGIN[0m
  ↳ app/models/user.rb:37
  [1m[36mUser Exists (0.8ms)[0m  [1m[34mSELECT  1 AS one FROM "users" WHERE "users"."username" = $1 AND "users"."id" != $2 LIMIT $3[0m  [["username", "test0"], ["id", 1], ["LIMIT", 1]]
  ↳ app/models/user.rb:37
  [1m[36mUser Exists (1.0ms)[0m  [1m[34mSELECT  1 AS one FROM "users" WHERE "users"."session_token" = $1 AND "users"."id" != $2 LIMIT $3[0m  [["session_token", "0PKaBb6OUWD91zw7iG8j_A"], ["id", 1], ["LIMIT", 1]]
  ↳ app/models/user.rb:37
  [1m[36mUser Update (1.5ms)[0m  [1m[33mUPDATE "users" SET "session_token" = $1, "updated_at" = $2 WHERE "users"."id" = $3[0m  [["session_token", "0PKaBb6OUWD91zw7iG8j_A"], ["updated_at", "2019-11-05 00:35:49.184403"], ["id", 1]]
  ↳ app/models/user.rb:37
  [1m[35m (0.9ms)[0m  [1m[35mCOMMIT[0m
  ↳ app/models/user.rb:37
Completed 200 OK in 15ms (Views: 0.4ms | ActiveRecord: 5.1ms)


  [1m[36mUser Load (1.1ms)[0m  [1m[34mSELECT "users".* FROM "users"[0m
Started GET "/" for ::1 at 2019-11-04 17:46:11 -0800
Processing by StaticPagesController#root as HTML
  Rendering static_pages/root.html.erb within layouts/application
  Rendered static_pages/root.html.erb within layouts/application (1.4ms)
Completed 200 OK in 406ms (Views: 400.5ms | ActiveRecord: 0.0ms)


Started GET "/" for ::1 at 2019-11-04 17:46:20 -0800
Processing by StaticPagesController#root as HTML
  Rendering static_pages/root.html.erb within layouts/application
  Rendered static_pages/root.html.erb within layouts/application (0.5ms)
Completed 200 OK in 380ms (Views: 376.2ms | ActiveRecord: 0.0ms)


Started GET "/" for ::1 at 2019-11-04 17:46:50 -0800
Processing by StaticPagesController#root as HTML
  Rendering static_pages/root.html.erb within layouts/application
  Rendered static_pages/root.html.erb within layouts/application (0.4ms)
Completed 200 OK in 432ms (Views: 428.6ms | ActiveRecord: 0.0ms)


Started GET "/" for ::1 at 2019-11-04 17:48:08 -0800
Processing by StaticPagesController#root as HTML
  Rendering static_pages/root.html.erb within layouts/application
  Rendered static_pages/root.html.erb within layouts/application (0.4ms)
Completed 200 OK in 387ms (Views: 383.7ms | ActiveRecord: 0.0ms)


Started GET "/" for ::1 at 2019-11-04 17:49:14 -0800
Processing by StaticPagesController#root as HTML
  Rendering static_pages/root.html.erb within layouts/application
  Rendered static_pages/root.html.erb within layouts/application (0.6ms)
Completed 200 OK in 419ms (Views: 415.7ms | ActiveRecord: 0.0ms)


Started POST "/api/session" for ::1 at 2019-11-04 17:49:26 -0800
Processing by Api::SessionsController#create as */*
  Parameters: {"user"=>{"username"=>"test0", "password"=>"[FILTERED]"}}
  [1m[36mUser Load (4.9ms)[0m  [1m[34mSELECT  "users".* FROM "users" WHERE "users"."username" = $1 LIMIT $2[0m  [["username", "test0"], ["LIMIT", 1]]
  ↳ app/models/user.rb:23
  [1m[35m (8.7ms)[0m  [1m[35mBEGIN[0m
  ↳ app/models/user.rb:37
  [1m[36mUser Exists (0.8ms)[0m  [1m[34mSELECT  1 AS one FROM "users" WHERE "users"."username" = $1 AND "users"."id" != $2 LIMIT $3[0m  [["username", "test0"], ["id", 1], ["LIMIT", 1]]
  ↳ app/models/user.rb:37
  [1m[36mUser Exists (0.5ms)[0m  [1m[34mSELECT  1 AS one FROM "users" WHERE "users"."session_token" = $1 AND "users"."id" != $2 LIMIT $3[0m  [["session_token", "hTEW2gjlvSw9Ihiv-HxwVA"], ["id", 1], ["LIMIT", 1]]
  ↳ app/models/user.rb:37
  [1m[36mUser Update (1.9ms)[0m  [1m[33mUPDATE "users" SET "session_token" = $1, "updated_at" = $2 WHERE "users"."id" = $3[0m  [["session_token", "hTEW2gjlvSw9Ihiv-HxwVA"], ["updated_at", "2019-11-05 01:49:27.369011"], ["id", 1]]
  ↳ app/models/user.rb:37
  [1m[35m (1.3ms)[0m  [1m[35mCOMMIT[0m
  ↳ app/models/user.rb:37
Completed 200 OK in 332ms (Views: 0.2ms | ActiveRecord: 73.6ms)


Started GET "/" for ::1 at 2019-11-04 17:52:43 -0800
Processing by StaticPagesController#root as HTML
  Rendering static_pages/root.html.erb within layouts/application
  Rendered static_pages/root.html.erb within layouts/application (0.5ms)
Completed 200 OK in 51ms (Views: 46.4ms | ActiveRecord: 0.0ms)


Started POST "/api/session" for ::1 at 2019-11-04 17:52:47 -0800
Processing by Api::SessionsController#create as */*
  Parameters: {"user"=>{"username"=>"test0", "password"=>"[FILTERED]"}}
  [1m[36mUser Load (0.8ms)[0m  [1m[34mSELECT  "users".* FROM "users" WHERE "users"."username" = $1 LIMIT $2[0m  [["username", "test0"], ["LIMIT", 1]]
  ↳ app/models/user.rb:23
  [1m[35m (4.8ms)[0m  [1m[35mBEGIN[0m
  ↳ app/models/user.rb:37
  [1m[36mUser Exists (0.5ms)[0m  [1m[34mSELECT  1 AS one FROM "users" WHERE "users"."username" = $1 AND "users"."id" != $2 LIMIT $3[0m  [["username", "test0"], ["id", 1], ["LIMIT", 1]]
  ↳ app/models/user.rb:37
  [1m[36mUser Exists (0.5ms)[0m  [1m[34mSELECT  1 AS one FROM "users" WHERE "users"."session_token" = $1 AND "users"."id" != $2 LIMIT $3[0m  [["session_token", "eT-u-ybz-MTL5ZjIFR-FTg"], ["id", 1], ["LIMIT", 1]]
  ↳ app/models/user.rb:37
  [1m[36mUser Update (0.5ms)[0m  [1m[33mUPDATE "users" SET "session_token" = $1, "updated_at" = $2 WHERE "users"."id" = $3[0m  [["session_token", "eT-u-ybz-MTL5ZjIFR-FTg"], ["updated_at", "2019-11-05 01:52:47.472293"], ["id", 1]]
  ↳ app/models/user.rb:37
  [1m[35m (2.4ms)[0m  [1m[35mCOMMIT[0m
  ↳ app/models/user.rb:37
Completed 200 OK in 291ms (Views: 0.2ms | ActiveRecord: 46.4ms)


Started GET "/" for ::1 at 2019-11-05 09:06:41 -0800
  [1m[35m (2.6ms)[0m  [1m[34mSELECT "schema_migrations"."version" FROM "schema_migrations" ORDER BY "schema_migrations"."version" ASC[0m
  ↳ /Users/braedenaustgen/.rbenv/versions/2.5.1/lib/ruby/gems/2.5.0/gems/activerecord-5.2.3/lib/active_record/log_subscriber.rb:98
Processing by StaticPagesController#root as HTML
  Rendering static_pages/root.html.erb within layouts/application
  Rendered static_pages/root.html.erb within layouts/application (1.6ms)
Completed 200 OK in 1466ms (Views: 1450.7ms | ActiveRecord: 0.0ms)


Started GET "/" for ::1 at 2019-11-05 10:08:34 -0800
Processing by StaticPagesController#root as HTML
  Rendering static_pages/root.html.erb within layouts/application
  Rendered static_pages/root.html.erb within layouts/application (2.1ms)
Completed 200 OK in 553ms (Views: 544.2ms | ActiveRecord: 0.0ms)


Started GET "/" for ::1 at 2019-11-05 10:09:03 -0800
Processing by StaticPagesController#root as HTML
  Rendering static_pages/root.html.erb within layouts/application
  Rendered static_pages/root.html.erb within layouts/application (0.5ms)
Completed 200 OK in 46ms (Views: 43.0ms | ActiveRecord: 0.0ms)


Started GET "/" for ::1 at 2019-11-05 10:09:09 -0800
Processing by StaticPagesController#root as HTML
  Rendering static_pages/root.html.erb within layouts/application
  Rendered static_pages/root.html.erb within layouts/application (0.4ms)
Completed 200 OK in 412ms (Views: 408.4ms | ActiveRecord: 0.0ms)


Started GET "/" for ::1 at 2019-11-05 10:09:42 -0800
Processing by StaticPagesController#root as HTML
  Rendering static_pages/root.html.erb within layouts/application
  Rendered static_pages/root.html.erb within layouts/application (0.5ms)
Completed 200 OK in 404ms (Views: 400.4ms | ActiveRecord: 0.0ms)


Started GET "/" for ::1 at 2019-11-05 10:10:29 -0800
Processing by StaticPagesController#root as HTML
  Rendering static_pages/root.html.erb within layouts/application
  Rendered static_pages/root.html.erb within layouts/application (0.5ms)
Completed 200 OK in 468ms (Views: 463.1ms | ActiveRecord: 0.0ms)


Started GET "/" for ::1 at 2019-11-05 10:10:58 -0800
Processing by StaticPagesController#root as HTML
  Rendering static_pages/root.html.erb within layouts/application
  Rendered static_pages/root.html.erb within layouts/application (0.6ms)
Completed 200 OK in 419ms (Views: 414.2ms | ActiveRecord: 0.0ms)


Started GET "/" for ::1 at 2019-11-05 10:12:34 -0800
Processing by StaticPagesController#root as HTML
  Rendering static_pages/root.html.erb within layouts/application
  Rendered static_pages/root.html.erb within layouts/application (2.5ms)
Completed 200 OK in 651ms (Views: 635.7ms | ActiveRecord: 0.0ms)


Started GET "/" for ::1 at 2019-11-05 10:13:09 -0800
Processing by StaticPagesController#root as HTML
  Rendering static_pages/root.html.erb within layouts/application
  Rendered static_pages/root.html.erb within layouts/application (0.6ms)
Completed 200 OK in 31ms (Views: 28.3ms | ActiveRecord: 0.0ms)


Started GET "/" for ::1 at 2019-11-05 10:13:19 -0800
Processing by StaticPagesController#root as HTML
  Rendering static_pages/root.html.erb within layouts/application
  Rendered static_pages/root.html.erb within layouts/application (0.5ms)
Completed 200 OK in 33ms (Views: 30.8ms | ActiveRecord: 0.0ms)


Started GET "/" for ::1 at 2019-11-05 10:14:23 -0800
Processing by StaticPagesController#root as HTML
  Rendering static_pages/root.html.erb within layouts/application
  Rendered static_pages/root.html.erb within layouts/application (0.5ms)
Completed 200 OK in 419ms (Views: 416.4ms | ActiveRecord: 0.0ms)


Started GET "/" for ::1 at 2019-11-05 10:48:44 -0800
Processing by StaticPagesController#root as HTML
  Rendering static_pages/root.html.erb within layouts/application
  Rendered static_pages/root.html.erb within layouts/application (0.9ms)
Completed 200 OK in 479ms (Views: 474.9ms | ActiveRecord: 0.0ms)


Started GET "/" for ::1 at 2019-11-05 10:49:12 -0800
Processing by StaticPagesController#root as HTML
  Rendering static_pages/root.html.erb within layouts/application
  Rendered static_pages/root.html.erb within layouts/application (0.6ms)
Completed 200 OK in 497ms (Views: 494.2ms | ActiveRecord: 0.0ms)


  [1m[36mUser Load (12.1ms)[0m  [1m[34mSELECT "users".* FROM "users"[0m
Started GET "/" for ::1 at 2019-11-05 10:50:42 -0800
Processing by StaticPagesController#root as HTML
  Rendering static_pages/root.html.erb within layouts/application
  Rendered static_pages/root.html.erb within layouts/application (0.5ms)
Completed 200 OK in 496ms (Views: 492.0ms | ActiveRecord: 0.0ms)


Started POST "/api/session" for ::1 at 2019-11-05 10:50:49 -0800
Processing by Api::SessionsController#create as */*
  Parameters: {"user"=>{"username"=>"sdfvr", "password"=>"[FILTERED]"}}
  [1m[36mUser Load (5.1ms)[0m  [1m[34mSELECT  "users".* FROM "users" WHERE "users"."username" = $1 LIMIT $2[0m  [["username", "sdfvr"], ["LIMIT", 1]]
  ↳ app/models/user.rb:23
Completed 401 Unauthorized in 26ms (Views: 0.3ms | ActiveRecord: 11.9ms)


Started POST "/api/session" for ::1 at 2019-11-05 10:51:50 -0800
Processing by Api::SessionsController#create as */*
  Parameters: {"user"=>{"username"=>"test0", "password"=>"[FILTERED]"}}
  [1m[36mUser Load (5.7ms)[0m  [1m[34mSELECT  "users".* FROM "users" WHERE "users"."username" = $1 LIMIT $2[0m  [["username", "test0"], ["LIMIT", 1]]
  ↳ app/models/user.rb:23
  [1m[35m (2.5ms)[0m  [1m[35mBEGIN[0m
  ↳ app/models/user.rb:37
  [1m[36mUser Exists (0.5ms)[0m  [1m[34mSELECT  1 AS one FROM "users" WHERE "users"."username" = $1 AND "users"."id" != $2 LIMIT $3[0m  [["username", "test0"], ["id", 1], ["LIMIT", 1]]
  ↳ app/models/user.rb:37
  [1m[36mUser Exists (0.5ms)[0m  [1m[34mSELECT  1 AS one FROM "users" WHERE "users"."session_token" = $1 AND "users"."id" != $2 LIMIT $3[0m  [["session_token", "Y1PuAPts6-sM9jOsrYujgQ"], ["id", 1], ["LIMIT", 1]]
  ↳ app/models/user.rb:37
  [1m[36mUser Update (13.7ms)[0m  [1m[33mUPDATE "users" SET "session_token" = $1, "updated_at" = $2 WHERE "users"."id" = $3[0m  [["session_token", "Y1PuAPts6-sM9jOsrYujgQ"], ["updated_at", "2019-11-05 18:51:50.456464"], ["id", 1]]
  ↳ app/models/user.rb:37
  [1m[35m (2.5ms)[0m  [1m[35mCOMMIT[0m
  ↳ app/models/user.rb:37
Completed 200 OK in 296ms (Views: 0.4ms | ActiveRecord: 38.3ms)


Started DELETE "/api/session" for ::1 at 2019-11-05 10:53:45 -0800
Processing by Api::SessionsController#destroy as */*
  [1m[36mUser Load (0.8ms)[0m  [1m[34mSELECT  "users".* FROM "users" WHERE "users"."session_token" = $1 LIMIT $2[0m  [["session_token", "Y1PuAPts6-sM9jOsrYujgQ"], ["LIMIT", 1]]
  ↳ app/controllers/application_controller.rb:6
  [1m[35m (0.2ms)[0m  [1m[35mBEGIN[0m
  ↳ app/models/user.rb:37
  [1m[36mUser Exists (0.8ms)[0m  [1m[34mSELECT  1 AS one FROM "users" WHERE "users"."username" = $1 AND "users"."id" != $2 LIMIT $3[0m  [["username", "test0"], ["id", 1], ["LIMIT", 1]]
  ↳ app/models/user.rb:37
  [1m[36mUser Exists (1.9ms)[0m  [1m[34mSELECT  1 AS one FROM "users" WHERE "users"."session_token" = $1 AND "users"."id" != $2 LIMIT $3[0m  [["session_token", "KBnuuJ5zAfGSMV4tm_6A1w"], ["id", 1], ["LIMIT", 1]]
  ↳ app/models/user.rb:37
  [1m[36mUser Update (0.6ms)[0m  [1m[33mUPDATE "users" SET "session_token" = $1, "updated_at" = $2 WHERE "users"."id" = $3[0m  [["session_token", "KBnuuJ5zAfGSMV4tm_6A1w"], ["updated_at", "2019-11-05 18:53:45.028937"], ["id", 1]]
  ↳ app/models/user.rb:37
  [1m[35m (0.6ms)[0m  [1m[35mCOMMIT[0m
  ↳ app/models/user.rb:37
Completed 200 OK in 15ms (Views: 0.3ms | ActiveRecord: 5.0ms)


